2024-02-13T15:12:26.256961Z	Cloning repository...
2024-02-13T15:12:27.077386Z	From https://github.com/GASJINC/gasj.pages.dev
2024-02-13T15:12:27.078007Z	 * branch            28c6f04ebee2a892af28392584c03cadcc1e2c01 -> FETCH_HEAD
2024-02-13T15:12:27.078149Z	
2024-02-13T15:12:27.111194Z	HEAD is now at 28c6f04 save
2024-02-13T15:12:27.111727Z	
2024-02-13T15:12:27.214826Z	
2024-02-13T15:12:27.215669Z	Using v2 root directory strategy
2024-02-13T15:12:27.244991Z	Success: Finished cloning repository files
2024-02-13T15:12:27.991931Z	No build command specified. Skipping build step.
2024-02-13T15:12:27.993184Z	Note: No functions dir at /functions found. Skipping.
2024-02-13T15:12:27.993401Z	Validating asset output directory
2024-02-13T15:12:28.764853Z	Deploying your site to Cloudflare's global network...
2024-02-13T15:12:31.907378Z	Uploading... (0/3)
2024-02-13T15:12:32.542917Z	Uploading... (1/3)
2024-02-13T15:12:32.55631Z	Uploading... (2/3)
2024-02-13T15:12:32.570713Z	Uploading... (3/3)
2024-02-13T15:12:32.571056Z	✨ Success! Uploaded 3 files (1.19 sec)
2024-02-13T15:12:32.571263Z	
2024-02-13T15:12:32.931387Z	✨ Upload complete!
2024-02-13T15:12:35.12116Z	Success: Assets published!
2024-02-13T15:12:36.565381Z	Success: Your site was deployed!